
Time of execution -  (cycle, sum of centralities)
2016-06-28 10:49:08 - (0,0)(1,0)(2,12)(3,18)(4,20)(5,20)(6,20)(7,20)
Time of execution -  (cycle, sum of centralities)
2016-06-28 10:55:30 - (0,0)(1,0)(2,12)(3,18)(4,20)(5,20)(6,20)(7,20)
Time of execution -  (cycle, sum of centralities)
2016-06-28 10:57:16 - (0,0)(1,0)(2,12)(3,18)(4,20)(5,20)(6,20)(7,20)
Time of execution -  (cycle, sum of centralities)
2016-06-28 10:57:48 - (0,0)(1,0)(2,12)(3,18)(4,20)(5,20)(6,20)(7,20)
Time of execution -  (cycle, sum of centralities)
2016-06-28 10:58:06 - (0,0)(1,0)(2,12)(3,18)(4,20)(5,20)(6,20)(7,20)
Time of execution -  (cycle, sum of centralities)
2016-06-28 11:09:23 - (0,0)(1,0)(2,12)(3,18)(4,20)(5,20)(6,20)(7,20)
Time of execution -  (cycle, sum of centralities)
2016-06-28 11:33:07 - (0,0)(1,0)(2,12)(3,16)(4,16)(5,16)(6,16)(7,16)
Time of execution -  (cycle, sum of centralities)
2016-06-28 11:37:17 - (0,0)(1,0)(2,12)(3,16)(4,16)(5,16)(6,16)(7,16)
Time of execution -  (cycle, sum of centralities)
2016-06-28 11:48:56 - (0,0)(1,0)(2,12)(3,16)(4,16)(5,16)(6,16)(7,16)
Time of execution -  (cycle, sum of centralities)
2016-06-28 11:51:28 - (0,0)(1,0)(2,12)(3,18)(4,20)(5,20)(6,20)(7,20)
Time of execution -  (cycle, sum of centralities)
2016-06-28 11:51:43 - (0,0)(1,0)(2,12)(3,18)(4,20)(5,20)(6,20)(7,20)
Time of execution -  (cycle, sum of centralities)
2016-06-28 11:56:34 - (0,0)(1,0)(2,12)(3,18)(4,20)(5,20)(6,20)(7,20)
Time of execution -  (cycle, sum of centralities)
2016-06-28 11:58:51 - (0,0)(1,0)(2,12)(3,18)(4,20)(5,20)(6,20)(7,20)
Time of execution -  (cycle, sum of centralities)
2016-06-28 11:59:33 - (0,0)(1,0)(2,12)(3,18)(4,20)(5,20)(6,20)(7,20)
Time of execution -  (cycle, sum of centralities)
2016-06-28 11:59:34 - (0,0)(1,0)(2,12)(3,18)(4,20)(5,20)(6,20)(7,20)
Time of execution -  (cycle, sum of centralities)
2016-06-28 13:03:47 - 
Time of execution -  (cycle, sum of centralities)
2016-06-28 13:09:51 - (0,0)
Time of execution -  (cycle, sum of centralities)
2016-06-28 13:10:09 - (0,0)(1,0)(2,12)(3,18)(4,20)(5,20)(6,20)(7,20)
Time of execution -  (cycle, sum of centralities)
2016-06-28 13:11:02 - (0,0)
Time of execution -  (cycle, sum of centralities)
2016-06-28 13:11:48 - (0,0)
Time of execution -  (cycle, sum of centralities)
2016-06-28 13:12:38 - (0,0)(1,0)(2,12)(3,18)(4,20)(5,20)(6,20)(7,20)
Time of execution -  (cycle, sum of centralities)
2016-06-28 13:13:22 - (0,0)(1,0)(2,12)(3,18)(4,20)(5,20)(6,20)(7,20)
Time of execution -  (cycle, sum of centralities)
2016-06-28 13:13:59 - (0,0)(1,0)(2,12)(3,18)(4,20)(5,20)(6,20)(7,20)
Time of execution -  (cycle, sum of centralities)
2016-06-28 13:14:22 - (0,0)(1,0)(2,12)(3,18)(4,20)(5,20)(6,20)(7,20)
Time of execution -  (cycle, sum of centralities)
2016-06-28 13:14:50 - (0,0)
Time of execution -  (cycle, sum of centralities)
2016-06-28 13:15:38 - (0,0)
Time of execution -  (cycle, sum of centralities)
2016-06-28 13:21:55 - (0,0)(1,0)(2,12)(3,18)(4,20)(5,20)(6,20)(7,20)
Time of execution -  (cycle, sum of centralities)
2016-06-28 13:43:03 - (0,0)(1,0)(2,12)(3,18)(4,20)(5,20)(6,20)(7,20)
Time of execution -  (cycle, sum of centralities)
2016-06-28 15:28:58 - (0,0)(1,0)(2,12)(3,18)(4,20)(5,20)(6,20)(7,20)
Time of execution -  (cycle, sum of centralities)
2016-06-28 15:31:19 - (0,0)(1,0)(2,12)(3,18)(4,20)(5,20)(6,20)(7,20)
Time of execution -  (cycle, sum of centralities)
2016-06-28 15:32:51 - (0,0)(1,0)(2,12)(3,18)(4,20)(5,20)(6,20)(7,20)
Time of execution -  (cycle, sum of centralities)
2016-06-28 15:35:13 - (0,0)(1,0)(2,1276)(3,5045)(4,10379)(5,17284)(6,24537)(7,30297)(8,33739)(9,35501)(10,36293)(11,36555)(12,36580)(13,36580)(14,36580)(15,36580)(16,36580)(17,36580)
Time of execution -  (cycle, sum of centralities)
2016-06-28 15:57:51 - (0,0)(1,0)(2,1276)(3,5045)(4,10379)(5,17284)(6,24537)(7,30297)(8,33739)(9,35501)(10,36293)(11,36555)(12,36580)(13,36580)(14,36580)(15,36580)(16,36580)(17,36580)
Time of execution -  (cycle, sum of centralities)
2016-06-28 16:28:42 - (0,0)(1,0)(2,1276)(3,5045)(4,10379)(5,17284)(6,24537)(7,30297)(8,33739)(9,35501)(10,36293)(11,36555)(12,36580)(13,36580)(14,36580)(15,36580)(16,36580)(17,36580)
Time of execution -  (cycle, sum of centralities)
2016-06-28 16:37:18 - (0,0)(1,0)(2,1276)(3,5045)(4,10379)(5,17284)(6,24537)(7,30297)(8,33739)(9,35501)(10,36293)(11,36555)(12,36580)(13,36580)(14,36580)(15,36580)(16,36580)(17,36580)
Time of execution -  (cycle, sum of centralities)
2016-06-28 16:52:04 - (0,0)(1,0)(2,1276)(3,5045)(4,10379)(5,17284)(6,24537)(7,30297)(8,33739)(9,35501)(10,36293)(11,36555)(12,36580)(13,36580)(14,36580)(15,36580)(16,36580)(17,36580)
Time of execution -  (cycle, sum of centralities)
2016-06-28 17:28:38 - (0,0)(1,0)(2,1276)(3,5045)(4,10379)(5,17284)(6,24537)(7,30297)(8,33739)(9,35501)(10,36293)(11,36555)(12,36580)(13,36580)(14,36580)(15,36580)(16,36580)(17,36580)
Time of execution -  (cycle, sum of centralities)
2016-06-28 18:46:43 - (0,0)(1,0)(2,1276)(3,5045)(4,10379)(5,17284)(6,24537)(7,30297)(8,33739)(9,35501)(10,36293)(11,36555)(12,36580)(13,36580)(14,36580)(15,36580)(16,36580)(17,36580)
Time of execution -  (cycle, sum of centralities)
2016-06-28 20:30:47 - (0,0)(1,0)(2,1276)(3,5045)(4,10379)(5,17284)(6,24537)(7,30297)(8,33739)(9,35501)(10,36293)(11,36555)(12,36580)(13,36580)(14,36580)(15,36580)(16,36580)(17,36580)
Time of execution -  (cycle, sum of centralities)
2016-06-29 10:02:04 - (0,0)(1,0)(2,26)(3,68)(4,130)(5,162)(6,178)(7,182)(8,186)(9,186)(10,186)(11,186)
Time of execution -  (cycle, sum of centralities)
2016-06-29 10:27:08 - (0,0)(1,0)(2,26)(3,68)(4,130)(5,162)(6,178)(7,182)(8,186)(9,186)(10,186)(11,186)
Time of execution -  (cycle, sum of centralities)
2016-06-29 10:33:00 - (0,0)(1,0)(2,26)(3,68)(4,130)(5,162)(6,178)(7,182)(8,186)(9,186)(10,186)(11,186)
Time of execution -  (cycle, sum of centralities)
2016-06-29 10:33:41 - (0,0)(1,0)(2,1276)(3,5045)(4,10379)(5,17284)(6,24537)(7,30297)(8,33739)(9,35501)(10,36293)(11,36555)(12,36580)(13,36580)(14,36580)(15,36580)(16,36580)(17,36580)
Time of execution -  (cycle, sum of centralities)
2016-06-29 10:40:56 - (0,0)(1,0)(2,1276)(3,3714)(4,6156)(5,8416)(6,10150)(7,10890)(8,11026)(9,11026)(10,11026)(11,11026)(12,11026)(13,11026)(14,11026)(15,11026)(16,11026)(17,11026)
Time of execution -  (cycle, sum of centralities)
2016-06-29 10:41:17 - (0,0)(1,0)(2,1276)(3,5045)(4,10379)(5,17284)(6,24537)(7,30297)(8,33739)(9,35501)(10,36293)(11,36555)(12,36580)(13,36580)(14,36580)(15,36580)(16,36580)(17,36580)
Time of execution -  (cycle, sum of centralities)
2016-06-29 11:55:09 - (0,0)(1,0)(2,12)(3,12)(4,12)(5,12)(6,12)(7,12)
Time of execution -  (cycle, sum of centralities)
2016-06-29 11:55:21 - (0,0)(1,0)(2,12)(3,12)(4,12)(5,12)(6,12)(7,12)
Time of execution -  (cycle, sum of centralities)
2016-06-29 12:18:23 - (0,0)(1,0)(2,26)(3,68)(4,130)(5,162)(6,178)(7,182)(8,186)(9,186)(10,186)(11,186)
Time of execution -  (cycle, sum of centralities)
2016-06-29 14:42:14 - (0,0)(1,0)(2,1276)(3,5045)(4,10379)(5,17284)(6,24537)(7,30297)(8,33739)(9,35501)(10,36293)(11,36555)(12,36580)(13,36580)(14,36580)(15,36580)(16,36580)
Time of execution -  (cycle, sum of centralities)
2016-06-29 14:48:09 - (0,0)(1,0)(2,1276)(3,5045)(4,10379)(5,17284)(6,24537)(7,30297)(8,33739)(9,35501)(10,36293)(11,36555)(12,36580)(13,36580)(14,36580)(15,36580)(16,36580)
Time of execution -  (cycle, sum of centralities)
2016-06-29 15:16:20 - (0,0)(1,0)(2,12)(3,12)(4,12)(5,12)(6,12)
Time of execution -  (cycle, sum of centralities)
2016-06-29 17:31:39 - (0,0)(1,0)(2,12)(3,12)(4,12)(5,12)(6,12)
Time of execution -  (cycle, sum of centralities)
2016-07-08 10:10:44 - (0,0)(1,0)(2,12)(3,12)(4,12)(5,12)(6,12)
Time of execution -  (cycle, sum of centralities)
2016-07-08 10:18:00 - (0,0)(1,0)(2,12)(3,12)(4,12)(5,12)(6,12)
Time of execution -  (cycle, sum of centralities)
2016-07-08 10:19:19 - (0,0)(1,0)(2,12)(3,18)(4,20)(5,20)(6,20)
Time of execution -  (cycle, sum of centralities)
2016-07-08 10:21:43 - (0,0)(1,0)(2,12)(3,18)(4,20)(5,20)(6,20)
Time of execution -  (cycle, sum of centralities)
2016-07-08 10:22:25 - (0,0)(1,0)(2,12)(3,18)(4,20)(5,20)(6,20)
Time of execution -  (cycle, sum of centralities)
2016-07-08 10:22:30 - (0,0)(1,0)(2,12)(3,18)(4,20)(5,20)(6,20)
Time of execution -  (cycle, sum of centralities)
2016-07-08 10:45:42 - (0,0)(1,0)(2,12)(3,18)(4,20)(5,20)(6,20)
Time of execution -  (cycle, sum of centralities)
2016-07-08 10:46:36 - (0,0)(1,0)(2,1276)(3,5045)(4,10379)(5,17284)(6,24537)(7,30297)(8,33739)(9,35501)(10,36293)(11,36555)(12,36580)(13,36580)(14,36580)(15,36580)(16,36580)
Time of execution -  (cycle, sum of centralities)
2016-07-08 16:29:08 - (0,0)(1,0)(2,1276)(3,5045)(4,10379)(5,17284)(6,24537)(7,30297)(8,33739)(9,35501)(10,36293)(11,36555)(12,36580)(13,36580)(14,36580)(15,36580)(16,36580)