
2016-06-28 10:49:08 - (0,100)(1,2222)(2,4975)(3,79150)(4,109230)(5,139314)(6,169398)(7,199482)
2016-06-28 10:55:30 - (0, NOSP:10 Control:0)(1, NOSP:22 Control:22)(2, NOSP:49 Control:75)(3, NOSP:79 Control:150)(4, NOSP:109 Control:230)(5, NOSP:139 Control:314)(6, NOSP:169 Control:398)(7, NOSP:199 Control:482)
2016-06-28 10:57:16 - (0tot:10NOSP:10 Control:0)(1tot:44NOSP:22 Control:22)(2tot:124NOSP:49 Control:75)(3tot:229NOSP:79 Control:150)(4tot:339NOSP:109 Control:230)(5tot:453NOSP:139 Control:314)(6tot:567NOSP:169 Control:398)(7tot:681NOSP:199 Control:482)
2016-06-28 10:57:48 - (0,10 N:10 C:0)(1,44 N:22 C:22)(2,124 N:49 C:75)(3,229 N:79 C:150)(4,339 N:109 C:230)(5,453 N:139 C:314)(6,567 N:169 C:398)(7,681 N:199 C:482)
2016-06-28 10:58:06 - (0,10;N:10 C:0)(1,44;N:22 C:22)(2,124;N:49 C:75)(3,229;N:79 C:150)(4,339;N:109 C:230)(5,453;N:139 C:314)(6,567;N:169 C:398)(7,681;N:199 C:482)
2016-06-28 11:09:23 - (0,10;R:10 C:0)(1,44;R:22 C:22)(2,124;R:49 C:75)(3,229;R:79 C:150)(4,339;R:109 C:230)(5,453;R:139 C:314)(6,567;R:169 C:398)(7,681;R:199 C:482)
2016-06-28 11:33:07 - (0,10; R:10 C:0)(1,44; R:22 C:22)(2,124; R:49 C:75)(3,226; R:79 C:147)(4,333; R:109 C:224)(5,440; R:139 C:301)(6,547; R:169 C:378)(7,654; R:199 C:455)
2016-06-28 11:37:17 - (0,10; R:10 C:0)(1,44; R:22 C:22)(2,124; R:49 C:75)(3,226; R:79 C:147)(4,333; R:109 C:224)(5,440; R:139 C:301)(6,547; R:169 C:378)(7,654; R:199 C:455)
2016-06-28 11:48:56 - (0,10; R:10 C:0)(1,44; R:22 C:22)(2,124; R:49 C:75)(3,226; R:79 C:147)(4,333; R:109 C:224)(5,440; R:139 C:301)(6,547; R:169 C:378)(7,654; R:199 C:455)
2016-06-28 11:51:28 - (0,10; R:10 C:0)(1,44; R:22 C:22)(2,124; R:49 C:75)(3,229; R:79 C:150)(4,339; R:109 C:230)(5,453; R:139 C:314)(6,567; R:169 C:398)(7,681; R:199 C:482)
2016-06-28 11:51:43 - (0,10; R:10 C:0)(1,44; R:22 C:22)(2,124; R:49 C:75)(3,229; R:79 C:150)(4,339; R:109 C:230)(5,453; R:139 C:314)(6,567; R:169 C:398)(7,681; R:199 C:482)
2016-06-28 11:56:34 - (0,10; R:10 C:0)(1,44; R:22 C:22)(2,124; R:49 C:75)(3,229; R:79 C:150)(4,339; R:109 C:230)(5,453; R:139 C:314)(6,567; R:169 C:398)(7,681; R:199 C:482)
2016-06-28 11:58:51 - (0,10; R:10 C:0)(1,44; R:22 C:22)(2,124; R:49 C:75)(3,229; R:79 C:150)(4,339; R:109 C:230)(5,453; R:139 C:314)(6,567; R:169 C:398)(7,681; R:199 C:482)
2016-06-28 11:59:33 - (0,10; nosp:10 Control:0)(1,44; nosp:22 Control:22)(2,124; nosp:49 Control:75)(3,229; nosp:79 Control:150)(4,339; nosp:109 Control:230)(5,453; nosp:139 Control:314)(6,567; nosp:169 Control:398)(7,681; nosp:199 Control:482)
2016-06-28 11:59:34 - (0,10; nosp:10 Control:0)(1,44; nosp:22 Control:22)(2,124; nosp:49 Control:75)(3,229; nosp:79 Control:150)(4,339; nosp:109 Control:230)(5,453; nosp:139 Control:314)(6,567; nosp:169 Control:398)(7,681; nosp:199 Control:482)
2016-06-28 13:03:47 - (0,10; nosp:10 Control:0)
2016-06-28 13:09:51 - (0,10; nosp:10 Control:0)(1,44; nosp:22 Control:22)
2016-06-28 13:10:09 - (0,10; nosp:10 Control:0)(1,44; nosp:22 Control:22)(2,124; nosp:49 Control:75)(3,229; nosp:79 Control:150)(4,339; nosp:109 Control:230)(5,453; nosp:139 Control:314)(6,567; nosp:169 Control:398)(7,681; nosp:199 Control:482)
2016-06-28 13:11:02 - (0,10; nosp:10 Control:0)(1,44; nosp:22 Control:22)
2016-06-28 13:11:48 - (0,10; nosp:10 Control:0)(1,44; nosp:22 Control:22)
2016-06-28 13:12:38 - (0,10; nosp:10 Control:0)(1,44; nosp:22 Control:22)(2,124; nosp:49 Control:75)(3,229; nosp:79 Control:150)(4,339; nosp:109 Control:230)(5,453; nosp:139 Control:314)(6,567; nosp:169 Control:398)(7,681; nosp:199 Control:482)
2016-06-28 13:13:22 - (0,10; nosp:10 Control:0)(1,44; nosp:22 Control:22)(2,124; nosp:49 Control:75)(3,229; nosp:79 Control:150)(4,339; nosp:109 Control:230)(5,453; nosp:139 Control:314)(6,567; nosp:169 Control:398)(7,681; nosp:199 Control:482)
2016-06-28 13:13:59 - (0,10; nosp:10 Control:0)(1,44; nosp:22 Control:22)(2,124; nosp:49 Control:75)(3,229; nosp:79 Control:150)(4,339; nosp:109 Control:230)(5,453; nosp:139 Control:314)(6,567; nosp:169 Control:398)(7,681; nosp:199 Control:482)
2016-06-28 13:14:22 - (0,10; nosp:10 Control:0)(1,44; nosp:22 Control:22)(2,124; nosp:49 Control:75)(3,229; nosp:79 Control:150)(4,339; nosp:109 Control:230)(5,453; nosp:139 Control:314)(6,567; nosp:169 Control:398)(7,681; nosp:199 Control:482)
2016-06-28 13:14:50 - (0,10; nosp:10 Control:0)(1,44; nosp:22 Control:22)
2016-06-28 13:15:38 - (0,10; nosp:10 Control:0)(1,44; nosp:22 Control:22)
2016-06-28 13:21:55 - (0,10; nosp:10 Control:0)(1,44; nosp:22 Control:22)(2,124; nosp:49 Control:75)(3,229; nosp:79 Control:150)(4,339; nosp:109 Control:230)(5,453; nosp:139 Control:314)(6,567; nosp:169 Control:398)(7,681; nosp:199 Control:482)
2016-06-28 13:43:03 - (0,10; nosp:10 Control:0)(1,44; nosp:22 Control:22)(2,124; nosp:49 Control:75)(3,229; nosp:79 Control:150)(4,339; nosp:109 Control:230)(5,453; nosp:139 Control:314)(6,567; nosp:169 Control:398)(7,681; nosp:199 Control:482)